This file contains any messages produced by compilers while
running configure, to aid debugging if configure makes a mistake.

It was created by configure, which was
generated by GNU Autoconf 2.68.  Invocation command line was

  $ ./configure 

## --------- ##
## Platform. ##
## --------- ##

hostname = charitytest
uname -m = x86_64
uname -r = 3.2.0-32-virtual
uname -s = Linux
uname -v = #51-Ubuntu SMP Wed Sep 26 21:53:42 UTC 2012

/usr/bin/uname -p = unknown
/bin/uname -X     = unknown

/bin/arch              = unknown
/usr/bin/arch -k       = unknown
/usr/convex/getsysinfo = unknown
/usr/bin/hostinfo      = unknown
/bin/machine           = unknown
/usr/bin/oslevel       = unknown
/bin/universe          = unknown

PATH: /usr/local/sbin
PATH: /usr/local/bin
PATH: /usr/sbin
PATH: /usr/bin
PATH: /sbin
PATH: /bin
PATH: /usr/games
PATH: /home/ubuntu/.rvm/bin
PATH: /usr/local/rvm/bin


## ----------- ##
## Core tests. ##
## ----------- ##

configure:2190: checking for grep that handles long lines and -e
configure:2248: result: /bin/grep
configure:2253: checking for egrep
configure:2315: result: /bin/grep -E
configure:2320: checking for a sed that does not truncate output
configure:2384: result: /bin/sed
configure:2518: checking for cc
configure:2534: found /usr/bin/cc
configure:2545: result: cc
configure:2576: checking for C compiler version
configure:2585: cc --version >&5
cc (Ubuntu/Linaro 4.6.3-1ubuntu5) 4.6.3
Copyright (C) 2011 Free Software Foundation, Inc.
This is free software; see the source for copying conditions.  There is NO
warranty; not even for MERCHANTABILITY or FITNESS FOR A PARTICULAR PURPOSE.

configure:2596: $? = 0
configure:2585: cc -v >&5
Using built-in specs.
COLLECT_GCC=cc
COLLECT_LTO_WRAPPER=/usr/lib/gcc/x86_64-linux-gnu/4.6/lto-wrapper
Target: x86_64-linux-gnu
Configured with: ../src/configure -v --with-pkgversion='Ubuntu/Linaro 4.6.3-1ubuntu5' --with-bugurl=file:///usr/share/doc/gcc-4.6/README.Bugs --enable-languages=c,c++,fortran,objc,obj-c++ --prefix=/usr --program-suffix=-4.6 --enable-shared --enable-linker-build-id --with-system-zlib --libexecdir=/usr/lib --without-included-gettext --enable-threads=posix --with-gxx-include-dir=/usr/include/c++/4.6 --libdir=/usr/lib --enable-nls --with-sysroot=/ --enable-clocale=gnu --enable-libstdcxx-debug --enable-libstdcxx-time=yes --enable-gnu-unique-object --enable-plugin --enable-objc-gc --disable-werror --with-arch-32=i686 --with-tune=generic --enable-checking=release --build=x86_64-linux-gnu --host=x86_64-linux-gnu --target=x86_64-linux-gnu
Thread model: posix
gcc version 4.6.3 (Ubuntu/Linaro 4.6.3-1ubuntu5) 
configure:2596: $? = 0
configure:2585: cc -V >&5
cc: error: unrecognized option '-V'
cc: fatal error: no input files
compilation terminated.
configure:2596: $? = 4
configure:2585: cc -qversion >&5
cc: error: unrecognized option '-qversion'
cc: fatal error: no input files
compilation terminated.
configure:2596: $? = 4
configure:2616: checking whether the C compiler works
configure:2638: cc -g -O2 -fstack-protector --param=ssp-buffer-size=4 -Wformat -Wformat-security -D_FORTIFY_SOURCE=2 -Wl,-Bsymbolic-functions -Wl,-z,relro conftest.c  >&5
configure:2642: $? = 0
configure:2690: result: yes
configure:2693: checking for C compiler default output file name
configure:2695: result: a.out
configure:2701: checking for suffix of executables
configure:2708: cc -o conftest -g -O2 -fstack-protector --param=ssp-buffer-size=4 -Wformat -Wformat-security -D_FORTIFY_SOURCE=2 -Wl,-Bsymbolic-functions -Wl,-z,relro conftest.c  >&5
configure:2712: $? = 0
configure:2734: result: 
configure:2756: checking whether we are cross compiling
configure:2764: cc -o conftest -g -O2 -fstack-protector --param=ssp-buffer-size=4 -Wformat -Wformat-security -D_FORTIFY_SOURCE=2 -Wl,-Bsymbolic-functions -Wl,-z,relro conftest.c  >&5
configure:2768: $? = 0
configure:2775: ./conftest
configure:2779: $? = 0
configure:2794: result: no
configure:2799: checking for suffix of object files
configure:2821: cc -c -g -O2 -fstack-protector --param=ssp-buffer-size=4 -Wformat -Wformat-security -D_FORTIFY_SOURCE=2 conftest.c >&5
configure:2825: $? = 0
configure:2846: result: o
configure:2850: checking whether we are using the GNU C compiler
configure:2869: cc -c -g -O2 -fstack-protector --param=ssp-buffer-size=4 -Wformat -Wformat-security -D_FORTIFY_SOURCE=2 conftest.c >&5
configure:2869: $? = 0
configure:2878: result: yes
configure:2887: checking whether cc accepts -g
configure:2907: cc -c -g -D_FORTIFY_SOURCE=2 conftest.c >&5
configure:2907: $? = 0
configure:2948: result: yes
configure:2965: checking for cc option to accept ISO C89
configure:3029: cc  -c -g -O2 -fstack-protector --param=ssp-buffer-size=4 -Wformat -Wformat-security -D_FORTIFY_SOURCE=2 conftest.c >&5
configure:3029: $? = 0
configure:3042: result: none needed
configure:3068: checking how to run the C preprocessor
configure:3099: cc -E -D_FORTIFY_SOURCE=2 conftest.c
configure:3099: $? = 0
configure:3113: cc -E -D_FORTIFY_SOURCE=2 conftest.c
conftest.c:9:28: fatal error: ac_nonexistent.h: No such file or directory
compilation terminated.
configure:3113: $? = 1
configure: failed program was:
| /* confdefs.h */
| #define PACKAGE_NAME ""
| #define PACKAGE_TARNAME ""
| #define PACKAGE_VERSION ""
| #define PACKAGE_STRING ""
| #define PACKAGE_BUGREPORT ""
| #define PACKAGE_URL ""
| /* end confdefs.h.  */
| #include <ac_nonexistent.h>
configure:3138: result: cc -E
configure:3158: cc -E -D_FORTIFY_SOURCE=2 conftest.c
configure:3158: $? = 0
configure:3172: cc -E -D_FORTIFY_SOURCE=2 conftest.c
conftest.c:9:28: fatal error: ac_nonexistent.h: No such file or directory
compilation terminated.
configure:3172: $? = 1
configure: failed program was:
| /* confdefs.h */
| #define PACKAGE_NAME ""
| #define PACKAGE_TARNAME ""
| #define PACKAGE_VERSION ""
| #define PACKAGE_STRING ""
| #define PACKAGE_BUGREPORT ""
| #define PACKAGE_URL ""
| /* end confdefs.h.  */
| #include <ac_nonexistent.h>
configure:3203: checking for icc
configure:3212: result: no
configure:3226: checking for suncc
configure:3235: result: no
configure:3253: checking whether cc understands -c and -o together
configure:3281: cc -c conftest.c -o conftest2.o >&5
configure:3285: $? = 0
configure:3291: cc -c conftest.c -o conftest2.o >&5
configure:3295: $? = 0
configure:3350: result: yes
configure:3364: checking for system library directory
configure:3379: result: lib
configure:3386: checking if compiler supports -R
configure:3405: cc -o conftest -g -O2 -fstack-protector --param=ssp-buffer-size=4 -Wformat -Wformat-security -D_FORTIFY_SOURCE=2 -Wl,-Bsymbolic-functions -Wl,-z,relro conftest.c -R /usr/lib  >&5
cc: error: unrecognized option '-R'
configure:3405: $? = 1
configure: failed program was:
| /* confdefs.h */
| #define PACKAGE_NAME ""
| #define PACKAGE_TARNAME ""
| #define PACKAGE_VERSION ""
| #define PACKAGE_STRING ""
| #define PACKAGE_BUGREPORT ""
| #define PACKAGE_URL ""
| /* end confdefs.h.  */
| 
| int
| main ()
| {
| 
|   ;
|   return 0;
| }
configure:3415: result: no
configure:3420: checking if compiler supports -Wl,-rpath,
configure:3439: cc -o conftest -g -O2 -fstack-protector --param=ssp-buffer-size=4 -Wformat -Wformat-security -D_FORTIFY_SOURCE=2 -Wl,-Bsymbolic-functions -Wl,-z,relro conftest.c -Wl,-rpath,/usr/lib  >&5
configure:3439: $? = 0
configure:3449: result: yes
configure:3494: checking build system type
configure:3508: result: x86_64-unknown-linux-gnu
configure:3528: checking host system type
configure:3541: result: x86_64-unknown-linux-gnu
configure:3561: checking target system type
configure:3574: result: x86_64-unknown-linux-gnu
configure:3677: checking for PHP prefix
configure:3679: result: /usr
configure:3681: checking for PHP includes
configure:3683: result: -I/usr/include/php5 -I/usr/include/php5/main -I/usr/include/php5/TSRM -I/usr/include/php5/Zend -I/usr/include/php5/ext -I/usr/include/php5/ext/date/lib
configure:3685: checking for PHP extension directory
configure:3687: result: /usr/lib/php5/20090626
configure:3689: checking for PHP installed headers prefix
configure:3691: result: /usr/include/php5
configure:3694: checking if debug is enabled
configure:3720: result: no
configure:3723: checking if zts is enabled
configure:3749: result: no
configure:3823: checking for re2c
configure:3853: result: no
configure:3878: WARNING: You will need re2c 0.13.4 or later if you want to regenerate PHP parsers.
configure:3892: checking for gawk
configure:3923: result: no
configure:3892: checking for nawk
configure:3909: found /usr/bin/nawk
configure:3920: result: nawk
configure:3943: checking if nawk is broken
configure:3950: result: no
configure:3964: checking whether to enable the thrift_protocol extension
configure:4003: result: yes, shared
configure:4070: checking for g++
configure:4086: found /usr/bin/g++
configure:4097: result: g++
configure:4124: checking for C++ compiler version
configure:4133: g++ --version >&5
g++ (Ubuntu/Linaro 4.6.3-1ubuntu5) 4.6.3
Copyright (C) 2011 Free Software Foundation, Inc.
This is free software; see the source for copying conditions.  There is NO
warranty; not even for MERCHANTABILITY or FITNESS FOR A PARTICULAR PURPOSE.

configure:4144: $? = 0
configure:4133: g++ -v >&5
Using built-in specs.
COLLECT_GCC=g++
COLLECT_LTO_WRAPPER=/usr/lib/gcc/x86_64-linux-gnu/4.6/lto-wrapper
Target: x86_64-linux-gnu
Configured with: ../src/configure -v --with-pkgversion='Ubuntu/Linaro 4.6.3-1ubuntu5' --with-bugurl=file:///usr/share/doc/gcc-4.6/README.Bugs --enable-languages=c,c++,fortran,objc,obj-c++ --prefix=/usr --program-suffix=-4.6 --enable-shared --enable-linker-build-id --with-system-zlib --libexecdir=/usr/lib --without-included-gettext --enable-threads=posix --with-gxx-include-dir=/usr/include/c++/4.6 --libdir=/usr/lib --enable-nls --with-sysroot=/ --enable-clocale=gnu --enable-libstdcxx-debug --enable-libstdcxx-time=yes --enable-gnu-unique-object --enable-plugin --enable-objc-gc --disable-werror --with-arch-32=i686 --with-tune=generic --enable-checking=release --build=x86_64-linux-gnu --host=x86_64-linux-gnu --target=x86_64-linux-gnu
Thread model: posix
gcc version 4.6.3 (Ubuntu/Linaro 4.6.3-1ubuntu5) 
configure:4144: $? = 0
configure:4133: g++ -V >&5
g++: error: unrecognized option '-V'
g++: fatal error: no input files
compilation terminated.
configure:4144: $? = 4
configure:4133: g++ -qversion >&5
g++: error: unrecognized option '-qversion'
g++: fatal error: no input files
compilation terminated.
configure:4144: $? = 4
configure:4148: checking whether we are using the GNU C++ compiler
configure:4167: g++ -c -g -O2 -fstack-protector --param=ssp-buffer-size=4 -Wformat -Wformat-security -D_FORTIFY_SOURCE=2 conftest.cpp >&5
configure:4167: $? = 0
configure:4176: result: yes
configure:4185: checking whether g++ accepts -g
configure:4205: g++ -c -g -D_FORTIFY_SOURCE=2 conftest.cpp >&5
configure:4205: $? = 0
configure:4246: result: yes
configure:4274: checking how to run the C++ preprocessor
configure:4301: g++ -E -D_FORTIFY_SOURCE=2 conftest.cpp
configure:4301: $? = 0
configure:4315: g++ -E -D_FORTIFY_SOURCE=2 conftest.cpp
conftest.cpp:9:28: fatal error: ac_nonexistent.h: No such file or directory
compilation terminated.
configure:4315: $? = 1
configure: failed program was:
| /* confdefs.h */
| #define PACKAGE_NAME ""
| #define PACKAGE_TARNAME ""
| #define PACKAGE_VERSION ""
| #define PACKAGE_STRING ""
| #define PACKAGE_BUGREPORT ""
| #define PACKAGE_URL ""
| /* end confdefs.h.  */
| #include <ac_nonexistent.h>
configure:4340: result: g++ -E
configure:4360: g++ -E -D_FORTIFY_SOURCE=2 conftest.cpp
configure:4360: $? = 0
configure:4374: g++ -E -D_FORTIFY_SOURCE=2 conftest.cpp
conftest.cpp:9:28: fatal error: ac_nonexistent.h: No such file or directory
compilation terminated.
configure:4374: $? = 1
configure: failed program was:
| /* confdefs.h */
| #define PACKAGE_NAME ""
| #define PACKAGE_TARNAME ""
| #define PACKAGE_VERSION ""
| #define PACKAGE_STRING ""
| #define PACKAGE_BUGREPORT ""
| #define PACKAGE_URL ""
| /* end confdefs.h.  */
| #include <ac_nonexistent.h>
configure:4855: checking how to print strings
configure:4882: result: printf
configure:4903: checking for a sed that does not truncate output
configure:4967: result: /bin/sed
configure:4985: checking for fgrep
configure:5047: result: /bin/grep -F
configure:5082: checking for ld used by cc
configure:5149: result: /usr/bin/ld
configure:5156: checking if the linker (/usr/bin/ld) is GNU ld
configure:5171: result: yes
configure:5183: checking for BSD- or MS-compatible name lister (nm)
configure:5232: result: /usr/bin/nm -B
configure:5362: checking the name lister (/usr/bin/nm -B) interface
configure:5369: cc -c -g -O2 -fstack-protector --param=ssp-buffer-size=4 -Wformat -Wformat-security -D_FORTIFY_SOURCE=2 conftest.c >&5
configure:5372: /usr/bin/nm -B "conftest.o"
configure:5375: output
0000000000000000 B some_variable
configure:5382: result: BSD nm
configure:5385: checking whether ln -s works
configure:5389: result: yes
configure:5397: checking the maximum length of command line arguments
configure:5527: result: 3458764513820540925
configure:5544: checking whether the shell understands some XSI constructs
configure:5554: result: yes
configure:5558: checking whether the shell understands "+="
configure:5564: result: yes
configure:5599: checking how to convert x86_64-unknown-linux-gnu file names to x86_64-unknown-linux-gnu format
configure:5639: result: func_convert_file_noop
configure:5646: checking how to convert x86_64-unknown-linux-gnu file names to toolchain format
configure:5666: result: func_convert_file_noop
configure:5673: checking for /usr/bin/ld option to reload object files
configure:5680: result: -r
configure:5754: checking for objdump
configure:5770: found /usr/bin/objdump
configure:5781: result: objdump
configure:5813: checking how to recognize dependent libraries
configure:6015: result: pass_all
configure:6100: checking for dlltool
configure:6130: result: no
configure:6160: checking how to associate runtime and link libraries
configure:6187: result: printf %s\n
configure:6247: checking for ar
configure:6263: found /usr/bin/ar
configure:6274: result: ar
configure:6311: checking for archiver @FILE support
configure:6328: cc -c -g -O2 -fstack-protector --param=ssp-buffer-size=4 -Wformat -Wformat-security -D_FORTIFY_SOURCE=2 conftest.c >&5
configure:6328: $? = 0
configure:6331: ar cru libconftest.a @conftest.lst >&5
configure:6334: $? = 0
configure:6339: ar cru libconftest.a @conftest.lst >&5
ar: conftest.o: No such file or directory
configure:6342: $? = 1
configure:6354: result: @
configure:6412: checking for strip
configure:6428: found /usr/bin/strip
configure:6439: result: strip
configure:6511: checking for ranlib
configure:6527: found /usr/bin/ranlib
configure:6538: result: ranlib
configure:6615: checking for gawk
configure:6642: result: nawk
configure:6682: checking command to parse /usr/bin/nm -B output from cc object
configure:6802: cc -c -g -O2 -fstack-protector --param=ssp-buffer-size=4 -Wformat -Wformat-security -D_FORTIFY_SOURCE=2 conftest.c >&5
configure:6805: $? = 0
configure:6809: /usr/bin/nm -B conftest.o \| sed -n -e 's/^.*[ ]\([ABCDGIRSTW][ABCDGIRSTW]*\)[ ][ ]*\([_A-Za-z][_A-Za-z0-9]*\)$/\1 \2 \2/p' | sed '/ __gnu_lto/d' \> conftest.nm
configure:6812: $? = 0
configure:6878: cc -o conftest -g -O2 -fstack-protector --param=ssp-buffer-size=4 -Wformat -Wformat-security -D_FORTIFY_SOURCE=2 -Wl,-Bsymbolic-functions -Wl,-z,relro conftest.c conftstm.o >&5
configure:6881: $? = 0
configure:6919: result: ok
configure:6956: checking for sysroot
configure:6986: result: no
configure:7063: cc -c -g -O2 -fstack-protector --param=ssp-buffer-size=4 -Wformat -Wformat-security -D_FORTIFY_SOURCE=2 conftest.c >&5
configure:7066: $? = 0
configure:7242: checking for mt
configure:7258: found /bin/mt
configure:7269: result: mt
configure:7292: checking if mt is a manifest tool
configure:7298: mt '-?'
configure:7306: result: no
configure:7943: checking for ANSI C header files
configure:7963: cc -c -g -O2 -fstack-protector --param=ssp-buffer-size=4 -Wformat -Wformat-security -D_FORTIFY_SOURCE=2 conftest.c >&5
configure:7963: $? = 0
configure:8036: cc -o conftest -g -O2 -fstack-protector --param=ssp-buffer-size=4 -Wformat -Wformat-security -D_FORTIFY_SOURCE=2 -Wl,-Bsymbolic-functions -Wl,-z,relro conftest.c  >&5
configure:8036: $? = 0
configure:8036: ./conftest
configure:8036: $? = 0
configure:8047: result: yes
configure:8060: checking for sys/types.h
configure:8060: cc -c -g -O2 -fstack-protector --param=ssp-buffer-size=4 -Wformat -Wformat-security -D_FORTIFY_SOURCE=2 conftest.c >&5
configure:8060: $? = 0
configure:8060: result: yes
configure:8060: checking for sys/stat.h
configure:8060: cc -c -g -O2 -fstack-protector --param=ssp-buffer-size=4 -Wformat -Wformat-security -D_FORTIFY_SOURCE=2 conftest.c >&5
configure:8060: $? = 0
configure:8060: result: yes
configure:8060: checking for stdlib.h
configure:8060: cc -c -g -O2 -fstack-protector --param=ssp-buffer-size=4 -Wformat -Wformat-security -D_FORTIFY_SOURCE=2 conftest.c >&5
configure:8060: $? = 0
configure:8060: result: yes
configure:8060: checking for string.h
configure:8060: cc -c -g -O2 -fstack-protector --param=ssp-buffer-size=4 -Wformat -Wformat-security -D_FORTIFY_SOURCE=2 conftest.c >&5
configure:8060: $? = 0
configure:8060: result: yes
configure:8060: checking for memory.h
configure:8060: cc -c -g -O2 -fstack-protector --param=ssp-buffer-size=4 -Wformat -Wformat-security -D_FORTIFY_SOURCE=2 conftest.c >&5
configure:8060: $? = 0
configure:8060: result: yes
configure:8060: checking for strings.h
configure:8060: cc -c -g -O2 -fstack-protector --param=ssp-buffer-size=4 -Wformat -Wformat-security -D_FORTIFY_SOURCE=2 conftest.c >&5
configure:8060: $? = 0
configure:8060: result: yes
configure:8060: checking for inttypes.h
configure:8060: cc -c -g -O2 -fstack-protector --param=ssp-buffer-size=4 -Wformat -Wformat-security -D_FORTIFY_SOURCE=2 conftest.c >&5
configure:8060: $? = 0
configure:8060: result: yes
configure:8060: checking for stdint.h
configure:8060: cc -c -g -O2 -fstack-protector --param=ssp-buffer-size=4 -Wformat -Wformat-security -D_FORTIFY_SOURCE=2 conftest.c >&5
configure:8060: $? = 0
configure:8060: result: yes
configure:8060: checking for unistd.h
configure:8060: cc -c -g -O2 -fstack-protector --param=ssp-buffer-size=4 -Wformat -Wformat-security -D_FORTIFY_SOURCE=2 conftest.c >&5
configure:8060: $? = 0
configure:8060: result: yes
configure:8074: checking for dlfcn.h
configure:8074: cc -c -g -O2 -fstack-protector --param=ssp-buffer-size=4 -Wformat -Wformat-security -D_FORTIFY_SOURCE=2 conftest.c >&5
configure:8074: $? = 0
configure:8074: result: yes
configure:8291: checking for objdir
configure:8306: result: .libs
configure:8577: checking if cc supports -fno-rtti -fno-exceptions
configure:8595: cc -c -g -O2 -fstack-protector --param=ssp-buffer-size=4 -Wformat -Wformat-security -D_FORTIFY_SOURCE=2 -fno-rtti -fno-exceptions conftest.c >&5
cc1: warning: command line option '-fno-rtti' is valid for C++/ObjC++ but not for C [enabled by default]
configure:8599: $? = 0
configure:8612: result: no
configure:8939: checking for cc option to produce PIC
configure:8946: result: -fPIC -DPIC
configure:8954: checking if cc PIC flag -fPIC -DPIC works
configure:8972: cc -c -g -O2 -fstack-protector --param=ssp-buffer-size=4 -Wformat -Wformat-security -D_FORTIFY_SOURCE=2 -fPIC -DPIC -DPIC conftest.c >&5
configure:8976: $? = 0
configure:8989: result: yes
configure:9018: checking if cc static flag -static works
configure:9046: result: yes
configure:9061: checking if cc supports -c -o file.o
configure:9082: cc -c -g -O2 -fstack-protector --param=ssp-buffer-size=4 -Wformat -Wformat-security -D_FORTIFY_SOURCE=2 -o out/conftest2.o conftest.c >&5
configure:9086: $? = 0
configure:9108: result: yes
configure:9116: checking if cc supports -c -o file.o
configure:9163: result: yes
configure:9196: checking whether the cc linker (/usr/bin/ld -m elf_x86_64) supports shared libraries
configure:10353: result: yes
configure:10390: checking whether -lc should be explicitly linked in
configure:10398: cc -c -g -O2 -fstack-protector --param=ssp-buffer-size=4 -Wformat -Wformat-security -D_FORTIFY_SOURCE=2 conftest.c >&5
configure:10401: $? = 0
configure:10416: cc -shared  -fPIC -DPIC conftest.o  -v -Wl,-soname -Wl,conftest -o conftest 2\>\&1 \| /bin/grep  -lc  \>/dev/null 2\>\&1
configure:10419: $? = 0
configure:10433: result: no
configure:10593: checking dynamic linker characteristics
configure:11104: cc -o conftest -g -O2 -fstack-protector --param=ssp-buffer-size=4 -Wformat -Wformat-security -D_FORTIFY_SOURCE=2 -Wl,-Bsymbolic-functions -Wl,-z,relro -Wl,-rpath -Wl,/foo conftest.c  >&5
configure:11104: $? = 0
configure:11338: result: GNU/Linux ld.so
configure:11445: checking how to hardcode library paths into programs
configure:11470: result: immediate
configure:12010: checking whether stripping libraries is possible
configure:12015: result: yes
configure:12050: checking if libtool supports shared libraries
configure:12052: result: yes
configure:12055: checking whether to build shared libraries
configure:12076: result: yes
configure:12079: checking whether to build static libraries
configure:12083: result: no
configure:12106: checking how to run the C++ preprocessor
configure:12172: result: g++ -E
configure:12192: g++ -E -D_FORTIFY_SOURCE=2 conftest.cpp
configure:12192: $? = 0
configure:12206: g++ -E -D_FORTIFY_SOURCE=2 conftest.cpp
conftest.cpp:22:28: fatal error: ac_nonexistent.h: No such file or directory
compilation terminated.
configure:12206: $? = 1
configure: failed program was:
| /* confdefs.h */
| #define PACKAGE_NAME ""
| #define PACKAGE_TARNAME ""
| #define PACKAGE_VERSION ""
| #define PACKAGE_STRING ""
| #define PACKAGE_BUGREPORT ""
| #define PACKAGE_URL ""
| #define COMPILE_DL_THRIFT_PROTOCOL 1
| #define STDC_HEADERS 1
| #define HAVE_SYS_TYPES_H 1
| #define HAVE_SYS_STAT_H 1
| #define HAVE_STDLIB_H 1
| #define HAVE_STRING_H 1
| #define HAVE_MEMORY_H 1
| #define HAVE_STRINGS_H 1
| #define HAVE_INTTYPES_H 1
| #define HAVE_STDINT_H 1
| #define HAVE_UNISTD_H 1
| #define HAVE_DLFCN_H 1
| #define LT_OBJDIR ".libs/"
| /* end confdefs.h.  */
| #include <ac_nonexistent.h>
configure:12375: checking for ld used by g++
configure:12442: result: /usr/bin/ld -m elf_x86_64
configure:12449: checking if the linker (/usr/bin/ld -m elf_x86_64) is GNU ld
configure:12464: result: yes
configure:12519: checking whether the g++ linker (/usr/bin/ld -m elf_x86_64) supports shared libraries
configure:13524: result: yes
configure:13560: g++ -c -g -O2 -fstack-protector --param=ssp-buffer-size=4 -Wformat -Wformat-security -D_FORTIFY_SOURCE=2 conftest.cpp >&5
configure:13563: $? = 0
configure:14083: checking for g++ option to produce PIC
configure:14090: result: -fPIC -DPIC
configure:14098: checking if g++ PIC flag -fPIC -DPIC works
configure:14116: g++ -c -g -O2 -fstack-protector --param=ssp-buffer-size=4 -Wformat -Wformat-security -D_FORTIFY_SOURCE=2 -fPIC -DPIC -DPIC conftest.cpp >&5
configure:14120: $? = 0
configure:14133: result: yes
configure:14156: checking if g++ static flag -static works
configure:14184: result: yes
configure:14196: checking if g++ supports -c -o file.o
configure:14217: g++ -c -g -O2 -fstack-protector --param=ssp-buffer-size=4 -Wformat -Wformat-security -D_FORTIFY_SOURCE=2 -o out/conftest2.o conftest.cpp >&5
configure:14221: $? = 0
configure:14243: result: yes
configure:14248: checking if g++ supports -c -o file.o
configure:14295: result: yes
configure:14325: checking whether the g++ linker (/usr/bin/ld -m elf_x86_64) supports shared libraries
configure:14364: result: yes
configure:14505: checking dynamic linker characteristics
configure:15184: result: GNU/Linux ld.so
configure:15237: checking how to hardcode library paths into programs
configure:15262: result: immediate
configure:15562: creating ./config.status

## ---------------------- ##
## Running config.status. ##
## ---------------------- ##

This file was extended by config.status, which was
generated by GNU Autoconf 2.68.  Invocation command line was

  CONFIG_FILES    = 
  CONFIG_HEADERS  = 
  CONFIG_LINKS    = 
  CONFIG_COMMANDS = 
  $ ./config.status 

on charitytest

config.status:954: creating config.h
config.status:1044: config.h is unchanged
config.status:1058: executing libtool commands

## ---------------- ##
## Cache variables. ##
## ---------------- ##

ac_cv_build=x86_64-unknown-linux-gnu
ac_cv_c_compiler_gnu=yes
ac_cv_cxx_compiler_gnu=yes
ac_cv_env_CCC_set=
ac_cv_env_CCC_value=
ac_cv_env_CC_set=
ac_cv_env_CC_value=
ac_cv_env_CFLAGS_set=set
ac_cv_env_CFLAGS_value='-g -O2 -fstack-protector --param=ssp-buffer-size=4 -Wformat -Wformat-security'
ac_cv_env_CPPFLAGS_set=set
ac_cv_env_CPPFLAGS_value=-D_FORTIFY_SOURCE=2
ac_cv_env_CPP_set=
ac_cv_env_CPP_value=
ac_cv_env_CXXCPP_set=
ac_cv_env_CXXCPP_value=
ac_cv_env_CXXFLAGS_set=set
ac_cv_env_CXXFLAGS_value='-g -O2 -fstack-protector --param=ssp-buffer-size=4 -Wformat -Wformat-security'
ac_cv_env_CXX_set=
ac_cv_env_CXX_value=
ac_cv_env_LDFLAGS_set=set
ac_cv_env_LDFLAGS_value='-Wl,-Bsymbolic-functions -Wl,-z,relro'
ac_cv_env_LIBS_set=
ac_cv_env_LIBS_value=
ac_cv_env_build_alias_set=
ac_cv_env_build_alias_value=
ac_cv_env_host_alias_set=
ac_cv_env_host_alias_value=
ac_cv_env_target_alias_set=
ac_cv_env_target_alias_value=
ac_cv_header_dlfcn_h=yes
ac_cv_header_inttypes_h=yes
ac_cv_header_memory_h=yes
ac_cv_header_stdc=yes
ac_cv_header_stdint_h=yes
ac_cv_header_stdlib_h=yes
ac_cv_header_string_h=yes
ac_cv_header_strings_h=yes
ac_cv_header_sys_stat_h=yes
ac_cv_header_sys_types_h=yes
ac_cv_header_unistd_h=yes
ac_cv_host=x86_64-unknown-linux-gnu
ac_cv_objext=o
ac_cv_path_EGREP='/bin/grep -E'
ac_cv_path_FGREP='/bin/grep -F'
ac_cv_path_GREP=/bin/grep
ac_cv_path_SED=/bin/sed
ac_cv_prog_AWK=nawk
ac_cv_prog_CPP='cc -E'
ac_cv_prog_CXXCPP='g++ -E'
ac_cv_prog_ac_ct_AR=ar
ac_cv_prog_ac_ct_CC=cc
ac_cv_prog_ac_ct_CXX=g++
ac_cv_prog_ac_ct_MANIFEST_TOOL=mt
ac_cv_prog_ac_ct_OBJDUMP=objdump
ac_cv_prog_ac_ct_RANLIB=ranlib
ac_cv_prog_ac_ct_STRIP=strip
ac_cv_prog_cc_c89=
ac_cv_prog_cc_cc_c_o=yes
ac_cv_prog_cc_g=yes
ac_cv_prog_cxx_g=yes
ac_cv_target=x86_64-unknown-linux-gnu
lt_cv_ar_at_file=@
lt_cv_archive_cmds_need_lc=no
lt_cv_deplibs_check_method=pass_all
lt_cv_file_magic_cmd='$MAGIC_CMD'
lt_cv_file_magic_test_file=
lt_cv_ld_reload_flag=-r
lt_cv_nm_interface='BSD nm'
lt_cv_objdir=.libs
lt_cv_path_LD=/usr/bin/ld
lt_cv_path_LDCXX='/usr/bin/ld -m elf_x86_64'
lt_cv_path_NM='/usr/bin/nm -B'
lt_cv_path_mainfest_tool=no
lt_cv_prog_compiler_c_o=yes
lt_cv_prog_compiler_c_o_CXX=yes
lt_cv_prog_compiler_pic='-fPIC -DPIC'
lt_cv_prog_compiler_pic_CXX='-fPIC -DPIC'
lt_cv_prog_compiler_pic_works=yes
lt_cv_prog_compiler_pic_works_CXX=yes
lt_cv_prog_compiler_rtti_exceptions=no
lt_cv_prog_compiler_static_works=yes
lt_cv_prog_compiler_static_works_CXX=yes
lt_cv_prog_gnu_ld=yes
lt_cv_prog_gnu_ldcxx=yes
lt_cv_sharedlib_from_linklib_cmd='printf %s\n'
lt_cv_shlibpath_overrides_runpath=no
lt_cv_sys_global_symbol_pipe='sed -n -e '\''s/^.*[	 ]\([ABCDGIRSTW][ABCDGIRSTW]*\)[	 ][	 ]*\([_A-Za-z][_A-Za-z0-9]*\)$/\1 \2 \2/p'\'' | sed '\''/ __gnu_lto/d'\'''
lt_cv_sys_global_symbol_to_c_name_address='sed -n -e '\''s/^: \([^ ]*\)[ ]*$/  {\"\1\", (void *) 0},/p'\'' -e '\''s/^[ABCDGIRSTW]* \([^ ]*\) \([^ ]*\)$/  {"\2", (void *) \&\2},/p'\'''
lt_cv_sys_global_symbol_to_c_name_address_lib_prefix='sed -n -e '\''s/^: \([^ ]*\)[ ]*$/  {\"\1\", (void *) 0},/p'\'' -e '\''s/^[ABCDGIRSTW]* \([^ ]*\) \(lib[^ ]*\)$/  {"\2", (void *) \&\2},/p'\'' -e '\''s/^[ABCDGIRSTW]* \([^ ]*\) \([^ ]*\)$/  {"lib\2", (void *) \&\2},/p'\'''
lt_cv_sys_global_symbol_to_cdecl='sed -n -e '\''s/^T .* \(.*\)$/extern int \1();/p'\'' -e '\''s/^[ABCDGIRSTW]* .* \(.*\)$/extern char \1;/p'\'''
lt_cv_sys_max_cmd_len=3458764513820540925
lt_cv_to_host_file_cmd=func_convert_file_noop
lt_cv_to_tool_file_cmd=func_convert_file_noop
php_cv_cc_dashr=no
php_cv_cc_rpath=yes

## ----------------- ##
## Output variables. ##
## ----------------- ##

AR='ar'
AWK='nawk'
CC='cc'
CFLAGS='-g -O2 -fstack-protector --param=ssp-buffer-size=4 -Wformat -Wformat-security'
CONFIGURE_COMMAND=' '\''./configure'\'' '
CONFIGURE_OPTIONS=''
CPP='cc -E'
CPPFLAGS='-D_FORTIFY_SOURCE=2 -DHAVE_CONFIG_H'
CXX='g++'
CXXCPP='g++ -E'
CXXFLAGS='-g -O2 -fstack-protector --param=ssp-buffer-size=4 -Wformat -Wformat-security'
DEFS='-DHAVE_CONFIG_H'
DLLTOOL='false'
DSYMUTIL=''
DUMPBIN=''
ECHO_C=''
ECHO_N='-n'
ECHO_T=''
EGREP='/bin/grep -E'
EXEEXT=''
FGREP='/bin/grep -F'
GREP='/bin/grep'
LD='/usr/bin/ld -m elf_x86_64'
LDFLAGS='-Wl,-Bsymbolic-functions -Wl,-z,relro'
LIBOBJS=''
LIBS=''
LIBTOOL='$(SHELL) $(top_builddir)/libtool'
LIPO=''
LN_S='ln -s'
LTLIBOBJS=''
MANIFEST_TOOL=':'
NM='/usr/bin/nm -B'
NMEDIT=''
OBJDUMP='objdump'
OBJEXT='o'
OTOOL64=''
OTOOL=''
PACKAGE_BUGREPORT=''
PACKAGE_NAME=''
PACKAGE_STRING=''
PACKAGE_TARNAME=''
PACKAGE_URL=''
PACKAGE_VERSION=''
PATH_SEPARATOR=':'
RANLIB='ranlib'
RE2C='exit 0;'
SED='/bin/sed'
SHELL='/bin/bash'
SHLIB_DL_SUFFIX_NAME='so'
SHLIB_SUFFIX_NAME='so'
STRIP='strip'
ac_ct_AR='ar'
ac_ct_CC='cc'
ac_ct_CXX='g++'
ac_ct_DUMPBIN=''
bindir='${exec_prefix}/bin'
build='x86_64-unknown-linux-gnu'
build_alias=''
build_cpu='x86_64'
build_os='linux-gnu'
build_vendor='unknown'
datadir='${datarootdir}'
datarootdir='${prefix}/share'
docdir='${datarootdir}/doc/${PACKAGE}'
dvidir='${docdir}'
exec_prefix='$(prefix)'
host='x86_64-unknown-linux-gnu'
host_alias='x86_64-unknown-linux-gnu'
host_cpu='x86_64'
host_os='linux-gnu'
host_vendor='unknown'
htmldir='${docdir}'
includedir='${prefix}/include'
infodir='${datarootdir}/info'
libdir='${exec_prefix}/lib'
libexecdir='${exec_prefix}/libexec'
localedir='${datarootdir}/locale'
localstatedir='${prefix}/var'
mandir='${datarootdir}/man'
oldincludedir='/usr/include'
pdfdir='${docdir}'
prefix='/usr'
program_transform_name='s,x,x,'
psdir='${docdir}'
sbindir='${exec_prefix}/sbin'
sharedstatedir='${prefix}/com'
sysconfdir='${prefix}/etc'
target='x86_64-unknown-linux-gnu'
target_alias=''
target_cpu='x86_64'
target_os='linux-gnu'
target_vendor='unknown'

## ----------- ##
## confdefs.h. ##
## ----------- ##

/* confdefs.h */
#define PACKAGE_NAME ""
#define PACKAGE_TARNAME ""
#define PACKAGE_VERSION ""
#define PACKAGE_STRING ""
#define PACKAGE_BUGREPORT ""
#define PACKAGE_URL ""
#define COMPILE_DL_THRIFT_PROTOCOL 1
#define STDC_HEADERS 1
#define HAVE_SYS_TYPES_H 1
#define HAVE_SYS_STAT_H 1
#define HAVE_STDLIB_H 1
#define HAVE_STRING_H 1
#define HAVE_MEMORY_H 1
#define HAVE_STRINGS_H 1
#define HAVE_INTTYPES_H 1
#define HAVE_STDINT_H 1
#define HAVE_UNISTD_H 1
#define HAVE_DLFCN_H 1
#define LT_OBJDIR ".libs/"

configure: exit 0
