This file contains any messages produced by compilers while
running configure, to aid debugging if configure makes a mistake.

It was created by libfb303 configure 20080209, which was
generated by GNU Autoconf 2.68.  Invocation command line was

  $ ./configure --config-cache --prefix=/usr/ --with-thriftpath=/home/ubuntu/thrift

## --------- ##
## Platform. ##
## --------- ##

hostname = charitytest
uname -m = x86_64
uname -r = 3.2.0-32-virtual
uname -s = Linux
uname -v = #51-Ubuntu SMP Wed Sep 26 21:53:42 UTC 2012

/usr/bin/uname -p = unknown
/bin/uname -X     = unknown

/bin/arch              = unknown
/usr/bin/arch -k       = unknown
/usr/convex/getsysinfo = unknown
/usr/bin/hostinfo      = unknown
/bin/machine           = unknown
/usr/bin/oslevel       = unknown
/bin/universe          = unknown

PATH: /usr/local/sbin
PATH: /usr/local/bin
PATH: /usr/sbin
PATH: /usr/bin
PATH: /sbin
PATH: /bin
PATH: /usr/games
PATH: /home/ubuntu/.rvm/bin
PATH: /usr/local/rvm/bin


## ----------- ##
## Core tests. ##
## ----------- ##

configure:2018: creating cache config.cache
configure:2138: checking for a BSD-compatible install
configure:2206: result: /usr/bin/install -c
configure:2217: checking whether build environment is sane
configure:2267: result: yes
configure:2408: checking for a thread-safe mkdir -p
configure:2447: result: /bin/mkdir -p
configure:2460: checking for gawk
configure:2490: result: no
configure:2460: checking for mawk
configure:2476: found /usr/bin/mawk
configure:2487: result: mawk
configure:2498: checking whether make sets $(MAKE)
configure:2520: result: yes
configure:2550: checking for style of include used by make
configure:2578: result: GNU
configure:2711: checking for gcc
configure:2727: found /usr/bin/gcc
configure:2738: result: gcc
configure:2967: checking for C compiler version
configure:2976: gcc --version >&5
gcc (Ubuntu/Linaro 4.6.3-1ubuntu5) 4.6.3
Copyright (C) 2011 Free Software Foundation, Inc.
This is free software; see the source for copying conditions.  There is NO
warranty; not even for MERCHANTABILITY or FITNESS FOR A PARTICULAR PURPOSE.

configure:2987: $? = 0
configure:2976: gcc -v >&5
Using built-in specs.
COLLECT_GCC=gcc
COLLECT_LTO_WRAPPER=/usr/lib/gcc/x86_64-linux-gnu/4.6/lto-wrapper
Target: x86_64-linux-gnu
Configured with: ../src/configure -v --with-pkgversion='Ubuntu/Linaro 4.6.3-1ubuntu5' --with-bugurl=file:///usr/share/doc/gcc-4.6/README.Bugs --enable-languages=c,c++,fortran,objc,obj-c++ --prefix=/usr --program-suffix=-4.6 --enable-shared --enable-linker-build-id --with-system-zlib --libexecdir=/usr/lib --without-included-gettext --enable-threads=posix --with-gxx-include-dir=/usr/include/c++/4.6 --libdir=/usr/lib --enable-nls --with-sysroot=/ --enable-clocale=gnu --enable-libstdcxx-debug --enable-libstdcxx-time=yes --enable-gnu-unique-object --enable-plugin --enable-objc-gc --disable-werror --with-arch-32=i686 --with-tune=generic --enable-checking=release --build=x86_64-linux-gnu --host=x86_64-linux-gnu --target=x86_64-linux-gnu
Thread model: posix
gcc version 4.6.3 (Ubuntu/Linaro 4.6.3-1ubuntu5) 
configure:2987: $? = 0
configure:2976: gcc -V >&5
gcc: error: unrecognized option '-V'
gcc: fatal error: no input files
compilation terminated.
configure:2987: $? = 4
configure:2976: gcc -qversion >&5
gcc: error: unrecognized option '-qversion'
gcc: fatal error: no input files
compilation terminated.
configure:2987: $? = 4
configure:3007: checking whether the C compiler works
configure:3029: gcc -g -O2 -fstack-protector --param=ssp-buffer-size=4 -Wformat -Wformat-security -I/home/ubuntu/thrift/lib/cpp/src -Wl,-Bsymbolic-functions -Wl,-z,relro conftest.c  >&5
configure:3033: $? = 0
configure:3081: result: yes
configure:3084: checking for C compiler default output file name
configure:3086: result: a.out
configure:3092: checking for suffix of executables
configure:3099: gcc -o conftest -g -O2 -fstack-protector --param=ssp-buffer-size=4 -Wformat -Wformat-security -I/home/ubuntu/thrift/lib/cpp/src -Wl,-Bsymbolic-functions -Wl,-z,relro conftest.c  >&5
configure:3103: $? = 0
configure:3125: result: 
configure:3147: checking whether we are cross compiling
configure:3155: gcc -o conftest -g -O2 -fstack-protector --param=ssp-buffer-size=4 -Wformat -Wformat-security -I/home/ubuntu/thrift/lib/cpp/src -Wl,-Bsymbolic-functions -Wl,-z,relro conftest.c  >&5
configure:3159: $? = 0
configure:3166: ./conftest
configure:3170: $? = 0
configure:3185: result: no
configure:3190: checking for suffix of object files
configure:3212: gcc -c -g -O2 -fstack-protector --param=ssp-buffer-size=4 -Wformat -Wformat-security -I/home/ubuntu/thrift/lib/cpp/src conftest.c >&5
configure:3216: $? = 0
configure:3237: result: o
configure:3241: checking whether we are using the GNU C compiler
configure:3260: gcc -c -g -O2 -fstack-protector --param=ssp-buffer-size=4 -Wformat -Wformat-security -I/home/ubuntu/thrift/lib/cpp/src conftest.c >&5
configure:3260: $? = 0
configure:3269: result: yes
configure:3278: checking whether gcc accepts -g
configure:3298: gcc -c -g -I/home/ubuntu/thrift/lib/cpp/src conftest.c >&5
configure:3298: $? = 0
configure:3339: result: yes
configure:3356: checking for gcc option to accept ISO C89
configure:3420: gcc  -c -g -O2 -fstack-protector --param=ssp-buffer-size=4 -Wformat -Wformat-security -I/home/ubuntu/thrift/lib/cpp/src conftest.c >&5
configure:3420: $? = 0
configure:3433: result: none needed
configure:3455: checking dependency style of gcc
configure:3566: result: gcc3
configure:3639: checking for g++
configure:3655: found /usr/bin/g++
configure:3666: result: g++
configure:3693: checking for C++ compiler version
configure:3702: g++ --version >&5
g++ (Ubuntu/Linaro 4.6.3-1ubuntu5) 4.6.3
Copyright (C) 2011 Free Software Foundation, Inc.
This is free software; see the source for copying conditions.  There is NO
warranty; not even for MERCHANTABILITY or FITNESS FOR A PARTICULAR PURPOSE.

configure:3713: $? = 0
configure:3702: g++ -v >&5
Using built-in specs.
COLLECT_GCC=g++
COLLECT_LTO_WRAPPER=/usr/lib/gcc/x86_64-linux-gnu/4.6/lto-wrapper
Target: x86_64-linux-gnu
Configured with: ../src/configure -v --with-pkgversion='Ubuntu/Linaro 4.6.3-1ubuntu5' --with-bugurl=file:///usr/share/doc/gcc-4.6/README.Bugs --enable-languages=c,c++,fortran,objc,obj-c++ --prefix=/usr --program-suffix=-4.6 --enable-shared --enable-linker-build-id --with-system-zlib --libexecdir=/usr/lib --without-included-gettext --enable-threads=posix --with-gxx-include-dir=/usr/include/c++/4.6 --libdir=/usr/lib --enable-nls --with-sysroot=/ --enable-clocale=gnu --enable-libstdcxx-debug --enable-libstdcxx-time=yes --enable-gnu-unique-object --enable-plugin --enable-objc-gc --disable-werror --with-arch-32=i686 --with-tune=generic --enable-checking=release --build=x86_64-linux-gnu --host=x86_64-linux-gnu --target=x86_64-linux-gnu
Thread model: posix
gcc version 4.6.3 (Ubuntu/Linaro 4.6.3-1ubuntu5) 
configure:3713: $? = 0
configure:3702: g++ -V >&5
g++: error: unrecognized option '-V'
g++: fatal error: no input files
compilation terminated.
configure:3713: $? = 4
configure:3702: g++ -qversion >&5
g++: error: unrecognized option '-qversion'
g++: fatal error: no input files
compilation terminated.
configure:3713: $? = 4
configure:3717: checking whether we are using the GNU C++ compiler
configure:3736: g++ -c -g -O2 -fstack-protector --param=ssp-buffer-size=4 -Wformat -Wformat-security -I/home/ubuntu/thrift/lib/cpp/src conftest.cpp >&5
configure:3736: $? = 0
configure:3745: result: yes
configure:3754: checking whether g++ accepts -g
configure:3774: g++ -c -g -I/home/ubuntu/thrift/lib/cpp/src conftest.cpp >&5
configure:3774: $? = 0
configure:3815: result: yes
configure:3840: checking dependency style of g++
configure:3951: result: gcc3
configure:4009: checking for ranlib
configure:4025: found /usr/bin/ranlib
configure:4036: result: ranlib
configure:4062: checking for bash
configure:4092: result: /bin/bash
configure:4107: checking for perl
configure:4125: found /usr/bin/perl
configure:4137: result: /usr/bin/perl
configure:4152: checking for python
configure:4170: found /usr/bin/python
configure:4182: result: /usr/bin/python
configure:4197: checking for ar
configure:4215: found /usr/bin/ar
configure:4227: result: /usr/bin/ar
configure:4242: checking for ant
configure:4260: found /usr/bin/ant
configure:4272: result: /usr/bin/ant
configure:4299: checking Checking EXTERNAL_PATH set to
configure:4331: result: /home/ubuntu/thrift/contrib/fb303
configure:4353: checking whether to enable optimized build
configure:4375: result: yes
configure:4399: checking whether to enable static mode
configure:4425: result: yes
configure:4458: checking Checking thrift_home set to
configure:4476: result: /home/ubuntu/thrift
configure:4512: checking for boostlib >= 1.33.1
configure:4562: g++ -c -Wall -O3 -I/home/ubuntu/thrift/lib/cpp/src -I/usr/include conftest.cpp >&5
configure:4562: $? = 0
configure:4564: result: yes
configure:4709: checking how to run the C preprocessor
configure:4740: gcc -E -I/home/ubuntu/thrift/lib/cpp/src conftest.c
configure:4740: $? = 0
configure:4754: gcc -E -I/home/ubuntu/thrift/lib/cpp/src conftest.c
conftest.c:10:28: fatal error: ac_nonexistent.h: No such file or directory
compilation terminated.
configure:4754: $? = 1
configure: failed program was:
| /* confdefs.h */
| #define PACKAGE_NAME "libfb303"
| #define PACKAGE_TARNAME "libfb303"
| #define PACKAGE_VERSION "20080209"
| #define PACKAGE_STRING "libfb303 20080209"
| #define PACKAGE_BUGREPORT ""
| #define PACKAGE_URL ""
| #define HAVE_BOOST /**/
| /* end confdefs.h.  */
| #include <ac_nonexistent.h>
configure:4779: result: gcc -E
configure:4799: gcc -E -I/home/ubuntu/thrift/lib/cpp/src conftest.c
configure:4799: $? = 0
configure:4813: gcc -E -I/home/ubuntu/thrift/lib/cpp/src conftest.c
conftest.c:10:28: fatal error: ac_nonexistent.h: No such file or directory
compilation terminated.
configure:4813: $? = 1
configure: failed program was:
| /* confdefs.h */
| #define PACKAGE_NAME "libfb303"
| #define PACKAGE_TARNAME "libfb303"
| #define PACKAGE_VERSION "20080209"
| #define PACKAGE_STRING "libfb303 20080209"
| #define PACKAGE_BUGREPORT ""
| #define PACKAGE_URL ""
| #define HAVE_BOOST /**/
| /* end confdefs.h.  */
| #include <ac_nonexistent.h>
configure:4842: checking for grep that handles long lines and -e
configure:4900: result: /bin/grep
configure:4905: checking for egrep
configure:4967: result: /bin/grep -E
configure:4972: checking for ANSI C header files
configure:4992: gcc -c -Wall -O3 -I/home/ubuntu/thrift/lib/cpp/src conftest.c >&5
configure:4992: $? = 0
configure:5065: gcc -o conftest -Wall -O3 -I/home/ubuntu/thrift/lib/cpp/src -Wl,-Bsymbolic-functions -Wl,-z,relro conftest.c  >&5
configure:5065: $? = 0
configure:5065: ./conftest
configure:5065: $? = 0
configure:5076: result: yes
configure:5089: checking for sys/types.h
configure:5089: gcc -c -Wall -O3 -I/home/ubuntu/thrift/lib/cpp/src conftest.c >&5
configure:5089: $? = 0
configure:5089: result: yes
configure:5089: checking for sys/stat.h
configure:5089: gcc -c -Wall -O3 -I/home/ubuntu/thrift/lib/cpp/src conftest.c >&5
configure:5089: $? = 0
configure:5089: result: yes
configure:5089: checking for stdlib.h
configure:5089: gcc -c -Wall -O3 -I/home/ubuntu/thrift/lib/cpp/src conftest.c >&5
configure:5089: $? = 0
configure:5089: result: yes
configure:5089: checking for string.h
configure:5089: gcc -c -Wall -O3 -I/home/ubuntu/thrift/lib/cpp/src conftest.c >&5
configure:5089: $? = 0
configure:5089: result: yes
configure:5089: checking for memory.h
configure:5089: gcc -c -Wall -O3 -I/home/ubuntu/thrift/lib/cpp/src conftest.c >&5
configure:5089: $? = 0
configure:5089: result: yes
configure:5089: checking for strings.h
configure:5089: gcc -c -Wall -O3 -I/home/ubuntu/thrift/lib/cpp/src conftest.c >&5
configure:5089: $? = 0
configure:5089: result: yes
configure:5089: checking for inttypes.h
configure:5089: gcc -c -Wall -O3 -I/home/ubuntu/thrift/lib/cpp/src conftest.c >&5
configure:5089: $? = 0
configure:5089: result: yes
configure:5089: checking for stdint.h
configure:5089: gcc -c -Wall -O3 -I/home/ubuntu/thrift/lib/cpp/src conftest.c >&5
configure:5089: $? = 0
configure:5089: result: yes
configure:5089: checking for unistd.h
configure:5089: gcc -c -Wall -O3 -I/home/ubuntu/thrift/lib/cpp/src conftest.c >&5
configure:5089: $? = 0
configure:5089: result: yes
configure:5103: checking for inttypes.h
configure:5103: result: yes
configure:5115: checking netinet/in.h usability
configure:5115: gcc -c -Wall -O3 -I/home/ubuntu/thrift/lib/cpp/src conftest.c >&5
configure:5115: $? = 0
configure:5115: result: yes
configure:5115: checking netinet/in.h presence
configure:5115: gcc -E -I/home/ubuntu/thrift/lib/cpp/src conftest.c
configure:5115: $? = 0
configure:5115: result: yes
configure:5115: checking for netinet/in.h
configure:5115: result: yes
configure:5195: updating cache config.cache
configure:5316: creating ./config.status

## ---------------------- ##
## Running config.status. ##
## ---------------------- ##

This file was extended by libfb303 config.status 20080209, which was
generated by GNU Autoconf 2.68.  Invocation command line was

  CONFIG_FILES    = 
  CONFIG_HEADERS  = 
  CONFIG_LINKS    = 
  CONFIG_COMMANDS = 
  $ ./config.status 

on charitytest

config.status:818: creating Makefile
config.status:818: creating cpp/Makefile
config.status:818: creating py/Makefile
config.status:990: executing depfiles commands

## ---------------- ##
## Cache variables. ##
## ---------------- ##

ac_cv_c_compiler_gnu=yes
ac_cv_cxx_compiler_gnu=yes
ac_cv_env_CCC_set=
ac_cv_env_CCC_value=
ac_cv_env_CC_set=
ac_cv_env_CC_value=
ac_cv_env_CFLAGS_set=set
ac_cv_env_CFLAGS_value='-g -O2 -fstack-protector --param=ssp-buffer-size=4 -Wformat -Wformat-security'
ac_cv_env_CPPFLAGS_set=set
ac_cv_env_CPPFLAGS_value=-I/home/ubuntu/thrift/lib/cpp/src
ac_cv_env_CPP_set=
ac_cv_env_CPP_value=
ac_cv_env_CXXFLAGS_set=set
ac_cv_env_CXXFLAGS_value='-g -O2 -fstack-protector --param=ssp-buffer-size=4 -Wformat -Wformat-security'
ac_cv_env_CXX_set=
ac_cv_env_CXX_value=
ac_cv_env_LDFLAGS_set=set
ac_cv_env_LDFLAGS_value='-Wl,-Bsymbolic-functions -Wl,-z,relro'
ac_cv_env_LIBS_set=
ac_cv_env_LIBS_value=
ac_cv_env_PY_PREFIX_set=
ac_cv_env_PY_PREFIX_value=
ac_cv_env_build_alias_set=
ac_cv_env_build_alias_value=
ac_cv_env_host_alias_set=
ac_cv_env_host_alias_value=
ac_cv_env_target_alias_set=
ac_cv_env_target_alias_value=
ac_cv_header_inttypes_h=yes
ac_cv_header_memory_h=yes
ac_cv_header_netinet_in_h=yes
ac_cv_header_stdc=yes
ac_cv_header_stdint_h=yes
ac_cv_header_stdlib_h=yes
ac_cv_header_string_h=yes
ac_cv_header_strings_h=yes
ac_cv_header_sys_stat_h=yes
ac_cv_header_sys_types_h=yes
ac_cv_header_unistd_h=yes
ac_cv_objext=o
ac_cv_path_ANT=/usr/bin/ant
ac_cv_path_AR=/usr/bin/ar
ac_cv_path_BASH=/bin/bash
ac_cv_path_EGREP='/bin/grep -E'
ac_cv_path_GREP=/bin/grep
ac_cv_path_PERL=/usr/bin/perl
ac_cv_path_PYTHON=/usr/bin/python
ac_cv_path_install='/usr/bin/install -c'
ac_cv_path_mkdir=/bin/mkdir
ac_cv_prog_AWK=mawk
ac_cv_prog_CPP='gcc -E'
ac_cv_prog_ac_ct_CC=gcc
ac_cv_prog_ac_ct_CXX=g++
ac_cv_prog_ac_ct_RANLIB=ranlib
ac_cv_prog_cc_c89=
ac_cv_prog_cc_g=yes
ac_cv_prog_cxx_g=yes
ac_cv_prog_make_make_set=yes
am_cv_CC_dependencies_compiler_type=gcc3
am_cv_CXX_dependencies_compiler_type=gcc3

## ----------------- ##
## Output variables. ##
## ----------------- ##

ACLOCAL='${SHELL} /home/ubuntu/thrift/missing --run aclocal-1.11'
AMDEPBACKSLASH='\'
AMDEP_FALSE='#'
AMDEP_TRUE=''
AMTAR='$${TAR-tar}'
ANT='/usr/bin/ant'
AR='/usr/bin/ar'
AUTOCONF='${SHELL} /home/ubuntu/thrift/missing --run autoconf'
AUTOHEADER='${SHELL} /home/ubuntu/thrift/missing --run autoheader'
AUTOMAKE='${SHELL} /home/ubuntu/thrift/missing --run automake-1.11'
AWK='mawk'
BASH='/bin/bash'
BOOST_CPPFLAGS='-I/usr/include'
BOOST_LDFLAGS='-L/usr/lib'
CC='gcc'
CCDEPMODE='depmode=gcc3'
CFLAGS='-Wall -O3'
CPP='gcc -E'
CPPFLAGS='-I/home/ubuntu/thrift/lib/cpp/src'
CXX='g++'
CXXDEPMODE='depmode=gcc3'
CXXFLAGS='-Wall -O3'
CYGPATH_W='echo'
DEBUG_FALSE=''
DEBUG_TRUE='#'
DEFS='-DPACKAGE_NAME=\"libfb303\" -DPACKAGE_TARNAME=\"libfb303\" -DPACKAGE_VERSION=\"20080209\" -DPACKAGE_STRING=\"libfb303\ 20080209\" -DPACKAGE_BUGREPORT=\"\" -DPACKAGE_URL=\"\" -DHAVE_BOOST=/\*\*/ -DSTDC_HEADERS=1 -DHAVE_SYS_TYPES_H=1 -DHAVE_SYS_STAT_H=1 -DHAVE_STDLIB_H=1 -DHAVE_STRING_H=1 -DHAVE_MEMORY_H=1 -DHAVE_STRINGS_H=1 -DHAVE_INTTYPES_H=1 -DHAVE_STDINT_H=1 -DHAVE_UNISTD_H=1 -DHAVE_INTTYPES_H=1 -DHAVE_NETINET_IN_H=1'
DEPDIR='.deps'
ECHO_C=''
ECHO_N='-n'
ECHO_T=''
EGREP='/bin/grep -E'
EXEEXT=''
EXTERNAL_PATH='/home/ubuntu/thrift/contrib/fb303'
GLOBAL_FOOTER_MK='include /home/ubuntu/thrift/contrib/fb303/global_footer.mk'
GLOBAL_HEADER_MK='include /home/ubuntu/thrift/contrib/fb303/global_header.mk'
GREP='/bin/grep'
INSTALL_DATA='${INSTALL} -m 644'
INSTALL_PROGRAM='${INSTALL}'
INSTALL_SCRIPT='${INSTALL}'
INSTALL_STRIP_PROGRAM='$(install_sh) -c -s'
LDFLAGS='-Wl,-Bsymbolic-functions -Wl,-z,relro'
LIBOBJS=''
LIBS=''
LTLIBOBJS=''
LTYPE='.a'
MAKEINFO='${SHELL} /home/ubuntu/thrift/missing --run makeinfo'
MKDIR_P='/bin/mkdir -p'
OBJEXT='o'
OPT_FALSE='#'
OPT_TRUE=''
PACKAGE='libfb303'
PACKAGE_BUGREPORT=''
PACKAGE_NAME='libfb303'
PACKAGE_STRING='libfb303 20080209'
PACKAGE_TARNAME='libfb303'
PACKAGE_URL=''
PACKAGE_VERSION='20080209'
PATH_SEPARATOR=':'
PERL='/usr/bin/perl'
PRODUCT_MK=''
PYTHON='/usr/bin/python'
PY_PREFIX='/usr'
RANLIB='ranlib'
SET_MAKE=''
SHARED_CFLAGS=''
SHARED_CXXFLAGS=''
SHARED_FALSE=''
SHARED_LDFLAGS=''
SHARED_TRUE='#'
SHELL='/bin/bash'
STATIC_FALSE='#'
STATIC_TRUE=''
STRIP=''
VERSION='20080209'
ac_ct_CC='gcc'
ac_ct_CXX='g++'
am__EXEEXT_FALSE=''
am__EXEEXT_TRUE='#'
am__fastdepCC_FALSE='#'
am__fastdepCC_TRUE=''
am__fastdepCXX_FALSE='#'
am__fastdepCXX_TRUE=''
am__include='include'
am__isrc=''
am__leading_dot='.'
am__nodep='_no'
am__quote=''
am__tar='$${TAR-tar} chof - "$$tardir"'
am__untar='$${TAR-tar} xf -'
bindir='${exec_prefix}/bin'
build_alias=''
datadir='${datarootdir}'
datarootdir='${prefix}/share'
docdir='${datarootdir}/doc/${PACKAGE_TARNAME}'
dvidir='${docdir}'
exec_prefix='${prefix}'
host_alias=''
htmldir='${docdir}'
includedir='${prefix}/include'
infodir='${datarootdir}/info'
install_sh='${SHELL} /home/ubuntu/thrift/install-sh'
libdir='${exec_prefix}/lib'
libexecdir='${exec_prefix}/libexec'
localedir='${datarootdir}/locale'
localstatedir='${prefix}/var'
mandir='${datarootdir}/man'
mkdir_p='/bin/mkdir -p'
oldincludedir='/usr/include'
pdfdir='${docdir}'
prefix='/usr'
program_transform_name='s,x,x,'
psdir='${docdir}'
sbindir='${exec_prefix}/sbin'
sharedstatedir='${prefix}/com'
sysconfdir='${prefix}/etc'
target_alias=''
thrift_home='/home/ubuntu/thrift'

## ----------- ##
## confdefs.h. ##
## ----------- ##

/* confdefs.h */
#define PACKAGE_NAME "libfb303"
#define PACKAGE_TARNAME "libfb303"
#define PACKAGE_VERSION "20080209"
#define PACKAGE_STRING "libfb303 20080209"
#define PACKAGE_BUGREPORT ""
#define PACKAGE_URL ""
#define HAVE_BOOST /**/
#define STDC_HEADERS 1
#define HAVE_SYS_TYPES_H 1
#define HAVE_SYS_STAT_H 1
#define HAVE_STDLIB_H 1
#define HAVE_STRING_H 1
#define HAVE_MEMORY_H 1
#define HAVE_STRINGS_H 1
#define HAVE_INTTYPES_H 1
#define HAVE_STDINT_H 1
#define HAVE_UNISTD_H 1
#define HAVE_INTTYPES_H 1
#define HAVE_NETINET_IN_H 1

configure: exit 0
